Using pre-set license
Built from '2020.3/staging' branch; Version is '2020.3.24f1 (79c78de19888) revision 7980941'; Using compiler version '192528614'; Build Type 'Release'
OS: 'Windows 10  (10.0.18363) 64bit Core' Language: 'de' Physical Memory: 12147 MB
BatchMode: 1, IsHumanControllingUs: 0, StartBugReporterOnCrash: 0, Is64bit: 1, IsPro: 0

COMMAND LINE ARGUMENTS:
C:\Program Files\Unity\Hub\Editor\2020.3.24f1\Editor\Unity.exe
-adb2
-batchMode
-noUpm
-name
AssetImportWorker1
-projectPath
C:/Users/User/Unity3d/Projekte/XR_Gruppe5_AR_MEnergie/XR_Gruppe5_AR_MEnergie
-logFile
Logs/AssetImportWorker1.log
-srvPort
53052
Successfully changed project path to: C:/Users/User/Unity3d/Projekte/XR_Gruppe5_AR_MEnergie/XR_Gruppe5_AR_MEnergie
C:/Users/User/Unity3d/Projekte/XR_Gruppe5_AR_MEnergie/XR_Gruppe5_AR_MEnergie
Using Asset Import Pipeline V2.
