Using pre-set license
Built from '2020.3/staging' branch; Version is '2020.3.24f1 (79c78de19888) revision 7980941'; Using compiler version '192528614'; Build Type 'Release'
OS: 'Windows 10  (10.0.18363) 64bit Core' Language: 'de' Physical Memory: 12147 MB
BatchMode: 1, IsHumanControllingUs: 0, StartBugReporterOnCrash: 0, Is64bit: 1, IsPro: 0

COMMAND LINE ARGUMENTS:
C:\Program Files\Unity\Hub\Editor\2020.3.24f1\Editor\Unity.exe
-adb2
-batchMode
-noUpm
-name
AssetImportWorker2
-projectPath
C:/Users/User/Unity3d/Projekte/XR_Gruppe5_AR_MEnergie/XR_Gruppe5_AR_MEnergie
-logFile
Logs/AssetImportWorker2.log
-srvPort
65356
Successfully changed project path to: C:/Users/User/Unity3d/Projekte/XR_Gruppe5_AR_MEnergie/XR_Gruppe5_AR_MEnergie
C:/Users/User/Unity3d/Projekte/XR_Gruppe5_AR_MEnergie/XR_Gruppe5_AR_MEnergie
Using Asset Import Pipeline V2.
Refreshing native plugins compatible for Editor in 659.53 ms, found 2 plugins.
Preloading 0 native plugins for Editor in 0.00 ms.
Initialize engine version: 2020.3.24f1 (79c78de19888)
[Subsystems] Discovering subsystems at path C:/Program Files/Unity/Hub/Editor/2020.3.24f1/Editor/Data/Resources/UnitySubsystems
[Subsystems] Discovering subsystems at path C:/Users/User/Unity3d/Projekte/XR_Gruppe5_AR_MEnergie/XR_Gruppe5_AR_MEnergie/Assets
GfxDevice: creating device client; threaded=0
Direct3D:
    Version:  Direct3D 11.0 [level 11.1]
    Renderer: Intel(R) HD Graphics 520 (ID=0x1916)
    Vendor:   
    VRAM:     6073 MB
    Driver:   24.20.100.6286
